Configuring bifunctors-4.2...
Building bifunctors-4.2...
Preprocessing library bifunctors-4.2...
[ 1 of 15] Compiling Data.Bifoldable  ( src/Data/Bifoldable.hs, dist/dist-sandbox-ac976196/build/Data/Bifoldable.o )
[ 2 of 15] Compiling Data.Semigroup.Bifoldable ( src/Data/Semigroup/Bifoldable.hs, dist/dist-sandbox-ac976196/build/Data/Semigroup/Bifoldable.o )
[ 3 of 15] Compiling Data.Bifunctor   ( old-src/Data/Bifunctor.hs, dist/dist-sandbox-ac976196/build/Data/Bifunctor.o )
[ 4 of 15] Compiling Data.Bifunctor.Apply ( src/Data/Bifunctor/Apply.hs, dist/dist-sandbox-ac976196/build/Data/Bifunctor/Apply.o )
[ 5 of 15] Compiling Data.Bitraversable ( src/Data/Bitraversable.hs, dist/dist-sandbox-ac976196/build/Data/Bitraversable.o )
[ 6 of 15] Compiling Data.Semigroup.Bitraversable ( src/Data/Semigroup/Bitraversable.hs, dist/dist-sandbox-ac976196/build/Data/Semigroup/Bitraversable.o )
[ 7 of 15] Compiling Data.Biapplicative ( src/Data/Biapplicative.hs, dist/dist-sandbox-ac976196/build/Data/Biapplicative.o )
[ 8 of 15] Compiling Data.Bifunctor.Biff ( src/Data/Bifunctor/Biff.hs, dist/dist-sandbox-ac976196/build/Data/Bifunctor/Biff.o )
[ 9 of 15] Compiling Data.Bifunctor.Clown ( src/Data/Bifunctor/Clown.hs, dist/dist-sandbox-ac976196/build/Data/Bifunctor/Clown.o )
[10 of 15] Compiling Data.Bifunctor.Flip ( src/Data/Bifunctor/Flip.hs, dist/dist-sandbox-ac976196/build/Data/Bifunctor/Flip.o )
[11 of 15] Compiling Data.Bifunctor.Join ( src/Data/Bifunctor/Join.hs, dist/dist-sandbox-ac976196/build/Data/Bifunctor/Join.o )
[12 of 15] Compiling Data.Bifunctor.Joker ( src/Data/Bifunctor/Joker.hs, dist/dist-sandbox-ac976196/build/Data/Bifunctor/Joker.o )
[13 of 15] Compiling Data.Bifunctor.Product ( src/Data/Bifunctor/Product.hs, dist/dist-sandbox-ac976196/build/Data/Bifunctor/Product.o )
[14 of 15] Compiling Data.Bifunctor.Tannen ( src/Data/Bifunctor/Tannen.hs, dist/dist-sandbox-ac976196/build/Data/Bifunctor/Tannen.o )
[15 of 15] Compiling Data.Bifunctor.Wrapped ( src/Data/Bifunctor/Wrapped.hs, dist/dist-sandbox-ac976196/build/Data/Bifunctor/Wrapped.o )
In-place registering bifunctors-4.2...
Creating package registration file: /tmp/pkgConf-bifunctors-412400.2
Installing library in
/home/prashant/Thesis/tree/.cabal-sandbox/lib/x86_64-linux-ghc-7.6.3/bifunctors-4.2
Registering bifunctors-4.2...
