Configuring free-4.10.0.1...
Building free-4.10.0.1...
Preprocessing library free-4.10.0.1...
[ 1 of 14] Compiling Control.Monad.Free.TH ( src/Control/Monad/Free/TH.hs, dist/dist-sandbox-ac976196/build/Control/Monad/Free/TH.o )
[ 2 of 14] Compiling Control.Monad.Free.Class ( src/Control/Monad/Free/Class.hs, dist/dist-sandbox-ac976196/build/Control/Monad/Free/Class.o )

src/Control/Monad/Free/Class.hs:40:1: Warning:
    Module `Control.Monad.Trans.Error' is deprecated:
      Use Control.Monad.Trans.Except instead

src/Control/Monad/Free/Class.hs:136:37: Warning:
    In the use of type constructor or class `Error'
    (imported from Control.Monad.Trans.Error):
    Deprecated: "Use Control.Monad.Trans.Except instead"

src/Control/Monad/Free/Class.hs:136:62: Warning:
    In the use of type constructor or class `ErrorT'
    (imported from Control.Monad.Trans.Error):
    Deprecated: "Use Control.Monad.Trans.Except instead"

src/Control/Monad/Free/Class.hs:137:10: Warning:
    In the use of data constructor `ErrorT'
    (imported from Control.Monad.Trans.Error):
    Deprecated: "Use Control.Monad.Trans.Except instead"

src/Control/Monad/Free/Class.hs:137:31: Warning:
    In the use of `runErrorT'
    (imported from Control.Monad.Trans.Error):
    Deprecated: "Use Control.Monad.Trans.Except instead"
[ 3 of 14] Compiling Control.Monad.Trans.Iter ( src/Control/Monad/Trans/Iter.hs, dist/dist-sandbox-ac976196/build/Control/Monad/Trans/Iter.o )
[ 4 of 14] Compiling Control.Monad.Trans.Free ( src/Control/Monad/Trans/Free.hs, dist/dist-sandbox-ac976196/build/Control/Monad/Trans/Free.o )
[ 5 of 14] Compiling Control.Monad.Trans.Free.Church ( src/Control/Monad/Trans/Free/Church.hs, dist/dist-sandbox-ac976196/build/Control/Monad/Trans/Free/Church.o )
[ 6 of 14] Compiling Control.Monad.Free ( src/Control/Monad/Free.hs, dist/dist-sandbox-ac976196/build/Control/Monad/Free.o )
[ 7 of 14] Compiling Control.Monad.Free.Church ( src/Control/Monad/Free/Church.hs, dist/dist-sandbox-ac976196/build/Control/Monad/Free/Church.o )
[ 8 of 14] Compiling Control.Comonad.Cofree.Class ( src/Control/Comonad/Cofree/Class.hs, dist/dist-sandbox-ac976196/build/Control/Comonad/Cofree/Class.o )
[ 9 of 14] Compiling Control.Comonad.Trans.Cofree ( src/Control/Comonad/Trans/Cofree.hs, dist/dist-sandbox-ac976196/build/Control/Comonad/Trans/Cofree.o )
[10 of 14] Compiling Control.Comonad.Trans.Coiter ( src/Control/Comonad/Trans/Coiter.hs, dist/dist-sandbox-ac976196/build/Control/Comonad/Trans/Coiter.o )
[11 of 14] Compiling Control.Comonad.Cofree ( src/Control/Comonad/Cofree.hs, dist/dist-sandbox-ac976196/build/Control/Comonad/Cofree.o )
[12 of 14] Compiling Control.Alternative.Free ( src/Control/Alternative/Free.hs, dist/dist-sandbox-ac976196/build/Control/Alternative/Free.o )
[13 of 14] Compiling Control.Applicative.Trans.Free ( src/Control/Applicative/Trans/Free.hs, dist/dist-sandbox-ac976196/build/Control/Applicative/Trans/Free.o )
[14 of 14] Compiling Control.Applicative.Free ( src/Control/Applicative/Free.hs, dist/dist-sandbox-ac976196/build/Control/Applicative/Free.o )
In-place registering free-4.10.0.1...
Creating package registration file: /tmp/pkgConf-free-4.10.012400.1
Installing library in
/home/prashant/Thesis/tree/.cabal-sandbox/lib/x86_64-linux-ghc-7.6.3/free-4.10.0.1
Registering free-4.10.0.1...
