Configuring transformers-0.4.2.0...
Building transformers-0.4.2.0...
Preprocessing library transformers-0.4.2.0...
[ 1 of 28] Compiling Data.Functor.Identity ( oldsrc/Data/Functor/Identity.hs, dist/dist-sandbox-ac976196/build/Data/Functor/Identity.o )
[ 2 of 28] Compiling Control.Monad.Trans.Class ( Control/Monad/Trans/Class.hs, dist/dist-sandbox-ac976196/build/Control/Monad/Trans/Class.o )
[ 3 of 28] Compiling Control.Monad.Signatures ( Control/Monad/Signatures.hs, dist/dist-sandbox-ac976196/build/Control/Monad/Signatures.o )
[ 4 of 28] Compiling Control.Monad.IO.Class ( Control/Monad/IO/Class.hs, dist/dist-sandbox-ac976196/build/Control/Monad/IO/Class.o )
[ 5 of 28] Compiling Control.Monad.Trans.Cont ( Control/Monad/Trans/Cont.hs, dist/dist-sandbox-ac976196/build/Control/Monad/Trans/Cont.o )
[ 6 of 28] Compiling Control.Monad.Trans.Reader ( Control/Monad/Trans/Reader.hs, dist/dist-sandbox-ac976196/build/Control/Monad/Trans/Reader.o )
[ 7 of 28] Compiling Control.Monad.Trans.RWS.Lazy ( Control/Monad/Trans/RWS/Lazy.hs, dist/dist-sandbox-ac976196/build/Control/Monad/Trans/RWS/Lazy.o )
[ 8 of 28] Compiling Control.Monad.Trans.RWS ( Control/Monad/Trans/RWS.hs, dist/dist-sandbox-ac976196/build/Control/Monad/Trans/RWS.o )
[ 9 of 28] Compiling Control.Monad.Trans.RWS.Strict ( Control/Monad/Trans/RWS/Strict.hs, dist/dist-sandbox-ac976196/build/Control/Monad/Trans/RWS/Strict.o )
[10 of 28] Compiling Control.Monad.Trans.State.Lazy ( Control/Monad/Trans/State/Lazy.hs, dist/dist-sandbox-ac976196/build/Control/Monad/Trans/State/Lazy.o )
[11 of 28] Compiling Control.Monad.Trans.State ( Control/Monad/Trans/State.hs, dist/dist-sandbox-ac976196/build/Control/Monad/Trans/State.o )
[12 of 28] Compiling Control.Monad.Trans.State.Strict ( Control/Monad/Trans/State/Strict.hs, dist/dist-sandbox-ac976196/build/Control/Monad/Trans/State/Strict.o )
[13 of 28] Compiling Data.Functor.Classes ( Data/Functor/Classes.hs, dist/dist-sandbox-ac976196/build/Data/Functor/Classes.o )
[14 of 28] Compiling Data.Functor.Constant ( Data/Functor/Constant.hs, dist/dist-sandbox-ac976196/build/Data/Functor/Constant.o )
[15 of 28] Compiling Control.Applicative.Lift ( Control/Applicative/Lift.hs, dist/dist-sandbox-ac976196/build/Control/Applicative/Lift.o )
[16 of 28] Compiling Control.Monad.Trans.Except ( Control/Monad/Trans/Except.hs, dist/dist-sandbox-ac976196/build/Control/Monad/Trans/Except.o )
[17 of 28] Compiling Control.Monad.Trans.Error ( Control/Monad/Trans/Error.hs, dist/dist-sandbox-ac976196/build/Control/Monad/Trans/Error.o )
[18 of 28] Compiling Control.Monad.Trans.Identity ( Control/Monad/Trans/Identity.hs, dist/dist-sandbox-ac976196/build/Control/Monad/Trans/Identity.o )
[19 of 28] Compiling Control.Monad.Trans.List ( Control/Monad/Trans/List.hs, dist/dist-sandbox-ac976196/build/Control/Monad/Trans/List.o )
[20 of 28] Compiling Control.Monad.Trans.Maybe ( Control/Monad/Trans/Maybe.hs, dist/dist-sandbox-ac976196/build/Control/Monad/Trans/Maybe.o )
[21 of 28] Compiling Control.Monad.Trans.Writer.Lazy ( Control/Monad/Trans/Writer/Lazy.hs, dist/dist-sandbox-ac976196/build/Control/Monad/Trans/Writer/Lazy.o )
[22 of 28] Compiling Control.Monad.Trans.Writer ( Control/Monad/Trans/Writer.hs, dist/dist-sandbox-ac976196/build/Control/Monad/Trans/Writer.o )
[23 of 28] Compiling Control.Monad.Trans.Writer.Strict ( Control/Monad/Trans/Writer/Strict.hs, dist/dist-sandbox-ac976196/build/Control/Monad/Trans/Writer/Strict.o )
[24 of 28] Compiling Data.Functor.Compose ( Data/Functor/Compose.hs, dist/dist-sandbox-ac976196/build/Data/Functor/Compose.o )
[25 of 28] Compiling Data.Functor.Product ( Data/Functor/Product.hs, dist/dist-sandbox-ac976196/build/Data/Functor/Product.o )
[26 of 28] Compiling Data.Functor.Sum ( Data/Functor/Sum.hs, dist/dist-sandbox-ac976196/build/Data/Functor/Sum.o )
[27 of 28] Compiling Control.Applicative.Backwards ( Control/Applicative/Backwards.hs, dist/dist-sandbox-ac976196/build/Control/Applicative/Backwards.o )
[28 of 28] Compiling Data.Functor.Reverse ( Data/Functor/Reverse.hs, dist/dist-sandbox-ac976196/build/Data/Functor/Reverse.o )
In-place registering transformers-0.4.2.0...
Creating package registration file: /tmp/pkgConf-transformers-0.4.25606.0
Installing library in
/home/prashant/Thesis/tree/.cabal-sandbox/lib/x86_64-linux-ghc-7.6.3/transformers-0.4.2.0
Registering transformers-0.4.2.0...
